This file contains any messages produced by compilers while
running configure, to aid debugging if configure makes a mistake.

It was created by pi-blaster configure 0.1.1, which was
generated by GNU Autoconf 2.69.  Invocation command line was

  $ ./configure 

## --------- ##
## Platform. ##
## --------- ##

hostname = raspberrypi
uname -m = armv7l
uname -r = 4.1.6-v7+
uname -s = Linux
uname -v = #810 SMP PREEMPT Tue Aug 18 15:32:12 BST 2015

/usr/bin/uname -p = unknown
/bin/uname -X     = unknown

/bin/arch              = unknown
/usr/bin/arch -k       = unknown
/usr/convex/getsysinfo = unknown
/usr/bin/hostinfo      = unknown
/bin/machine           = unknown
/usr/bin/oslevel       = unknown
/bin/universe          = unknown

PATH: /usr/local/sbin
PATH: /usr/local/bin
PATH: /usr/sbin
PATH: /usr/bin
PATH: /sbin
PATH: /bin
PATH: /usr/bin/nwjs-v0.12.0-linux-arm/
PATH: /usr/bin/nw_iojs-v0.12.0-linux-arm


## ----------- ##
## Core tests. ##
## ----------- ##

configure:2311: checking for a BSD-compatible install
configure:2379: result: /usr/bin/install -c
configure:2390: checking whether build environment is sane
configure:2440: result: yes
configure:2581: checking for a thread-safe mkdir -p
configure:2620: result: /bin/mkdir -p
configure:2633: checking for gawk
configure:2663: result: no
configure:2633: checking for mawk
configure:2649: found /usr/bin/mawk
configure:2660: result: mawk
configure:2671: checking whether make sets $(MAKE)
configure:2693: result: yes
configure:2836: checking for pkg-config
configure:2854: found /usr/bin/pkg-config
configure:2866: result: /usr/bin/pkg-config
configure:2891: checking pkg-config is at least version 0.9.0
configure:2894: result: yes
configure:2980: checking for gcc
configure:2996: found /usr/bin/gcc
configure:3007: result: gcc
configure:3236: checking for C compiler version
configure:3245: gcc --version >&5
gcc (Debian 4.6.3-14+rpi1) 4.6.3
Copyright (C) 2011 Free Software Foundation, Inc.
This is free software; see the source for copying conditions.  There is NO
warranty; not even for MERCHANTABILITY or FITNESS FOR A PARTICULAR PURPOSE.

configure:3256: $? = 0
configure:3245: gcc -v >&5
Using built-in specs.
COLLECT_GCC=gcc
COLLECT_LTO_WRAPPER=/usr/lib/gcc/arm-linux-gnueabihf/4.6/lto-wrapper
Target: arm-linux-gnueabihf
Configured with: ../src/configure -v --with-pkgversion='Debian 4.6.3-14+rpi1' --with-bugurl=file:///usr/share/doc/gcc-4.6/README.Bugs --enable-languages=c,c++,fortran,objc,obj-c++ --prefix=/usr --program-suffix=-4.6 --enable-shared --enable-linker-build-id --with-system-zlib --libexecdir=/usr/lib --without-included-gettext --enable-threads=posix --with-gxx-include-dir=/usr/include/c++/4.6 --libdir=/usr/lib --enable-nls --with-sysroot=/ --enable-clocale=gnu --enable-libstdcxx-debug --enable-libstdcxx-time=yes --enable-gnu-unique-object --enable-plugin --enable-objc-gc --disable-sjlj-exceptions --with-arch=armv6 --with-fpu=vfp --with-float=hard --enable-checking=release --build=arm-linux-gnueabihf --host=arm-linux-gnueabihf --target=arm-linux-gnueabihf
Thread model: posix
gcc version 4.6.3 (Debian 4.6.3-14+rpi1) 
configure:3256: $? = 0
configure:3245: gcc -V >&5
gcc: error: unrecognized option '-V'
gcc: fatal error: no input files
compilation terminated.
configure:3256: $? = 4
configure:3245: gcc -qversion >&5
gcc: error: unrecognized option '-qversion'
gcc: fatal error: no input files
compilation terminated.
configure:3256: $? = 4
configure:3276: checking whether the C compiler works
configure:3298: gcc    conftest.c  >&5
configure:3302: $? = 0
configure:3350: result: yes
configure:3353: checking for C compiler default output file name
configure:3355: result: a.out
configure:3361: checking for suffix of executables
configure:3368: gcc -o conftest    conftest.c  >&5
configure:3372: $? = 0
configure:3394: result: 
configure:3416: checking whether we are cross compiling
configure:3424: gcc -o conftest    conftest.c  >&5
configure:3428: $? = 0
configure:3435: ./conftest
configure:3439: $? = 0
configure:3454: result: no
configure:3459: checking for suffix of object files
configure:3481: gcc -c   conftest.c >&5
configure:3485: $? = 0
configure:3506: result: o
configure:3510: checking whether we are using the GNU C compiler
configure:3529: gcc -c   conftest.c >&5
configure:3529: $? = 0
configure:3538: result: yes
configure:3547: checking whether gcc accepts -g
configure:3567: gcc -c -g  conftest.c >&5
configure:3567: $? = 0
configure:3608: result: yes
configure:3625: checking for gcc option to accept ISO C89
configure:3688: gcc  -c -g -O2  conftest.c >&5
configure:3688: $? = 0
configure:3701: result: none needed
configure:3732: checking for style of include used by make
configure:3760: result: GNU
configure:3786: checking dependency style of gcc
configure:3897: result: gcc3
configure:3913: checking whether make sets $(MAKE)
configure:3935: result: yes
configure:3954: checking how to run the C preprocessor
configure:3985: gcc -E  conftest.c
configure:3985: $? = 0
configure:3999: gcc -E  conftest.c
conftest.c:11:28: fatal error: ac_nonexistent.h: No such file or directory
compilation terminated.
configure:3999: $? = 1
configure: failed program was:
| /* confdefs.h */
| #define PACKAGE_NAME "pi-blaster"
| #define PACKAGE_TARNAME "pi-blaster"
| #define PACKAGE_VERSION "0.1.1"
| #define PACKAGE_STRING "pi-blaster 0.1.1"
| #define PACKAGE_BUGREPORT ""
| #define PACKAGE_URL ""
| #define PACKAGE "pi-blaster"
| #define VERSION "0.1.1"
| /* end confdefs.h.  */
| #include <ac_nonexistent.h>
configure:4024: result: gcc -E
configure:4044: gcc -E  conftest.c
configure:4044: $? = 0
configure:4058: gcc -E  conftest.c
conftest.c:11:28: fatal error: ac_nonexistent.h: No such file or directory
compilation terminated.
configure:4058: $? = 1
configure: failed program was:
| /* confdefs.h */
| #define PACKAGE_NAME "pi-blaster"
| #define PACKAGE_TARNAME "pi-blaster"
| #define PACKAGE_VERSION "0.1.1"
| #define PACKAGE_STRING "pi-blaster 0.1.1"
| #define PACKAGE_BUGREPORT ""
| #define PACKAGE_URL ""
| #define PACKAGE "pi-blaster"
| #define VERSION "0.1.1"
| /* end confdefs.h.  */
| #include <ac_nonexistent.h>
configure:4087: checking for grep that handles long lines and -e
configure:4145: result: /bin/grep
configure:4150: checking for egrep
configure:4212: result: /bin/grep -E
configure:4217: checking for ANSI C header files
configure:4237: gcc -c -g -O2  conftest.c >&5
configure:4237: $? = 0
configure:4310: gcc -o conftest -g -O2   conftest.c  >&5
configure:4310: $? = 0
configure:4310: ./conftest
configure:4310: $? = 0
configure:4321: result: yes
configure:4334: checking for sys/types.h
configure:4334: gcc -c -g -O2  conftest.c >&5
configure:4334: $? = 0
configure:4334: result: yes
configure:4334: checking for sys/stat.h
configure:4334: gcc -c -g -O2  conftest.c >&5
configure:4334: $? = 0
configure:4334: result: yes
configure:4334: checking for stdlib.h
configure:4334: gcc -c -g -O2  conftest.c >&5
configure:4334: $? = 0
configure:4334: result: yes
configure:4334: checking for string.h
configure:4334: gcc -c -g -O2  conftest.c >&5
configure:4334: $? = 0
configure:4334: result: yes
configure:4334: checking for memory.h
configure:4334: gcc -c -g -O2  conftest.c >&5
configure:4334: $? = 0
configure:4334: result: yes
configure:4334: checking for strings.h
configure:4334: gcc -c -g -O2  conftest.c >&5
configure:4334: $? = 0
configure:4334: result: yes
configure:4334: checking for inttypes.h
configure:4334: gcc -c -g -O2  conftest.c >&5
configure:4334: $? = 0
configure:4334: result: yes
configure:4334: checking for stdint.h
configure:4334: gcc -c -g -O2  conftest.c >&5
configure:4334: $? = 0
configure:4334: result: yes
configure:4334: checking for unistd.h
configure:4334: gcc -c -g -O2  conftest.c >&5
configure:4334: $? = 0
configure:4334: result: yes
configure:4349: checking fcntl.h usability
configure:4349: gcc -c -g -O2  conftest.c >&5
configure:4349: $? = 0
configure:4349: result: yes
configure:4349: checking fcntl.h presence
configure:4349: gcc -E  conftest.c
configure:4349: $? = 0
configure:4349: result: yes
configure:4349: checking for fcntl.h
configure:4349: result: yes
configure:4349: checking for stdint.h
configure:4349: result: yes
configure:4349: checking for stdlib.h
configure:4349: result: yes
configure:4349: checking for string.h
configure:4349: result: yes
configure:4349: checking sys/ioctl.h usability
configure:4349: gcc -c -g -O2  conftest.c >&5
configure:4349: $? = 0
configure:4349: result: yes
configure:4349: checking sys/ioctl.h presence
configure:4349: gcc -E  conftest.c
configure:4349: $? = 0
configure:4349: result: yes
configure:4349: checking for sys/ioctl.h
configure:4349: result: yes
configure:4349: checking sys/time.h usability
configure:4349: gcc -c -g -O2  conftest.c >&5
configure:4349: $? = 0
configure:4349: result: yes
configure:4349: checking sys/time.h presence
configure:4349: gcc -E  conftest.c
configure:4349: $? = 0
configure:4349: result: yes
configure:4349: checking for sys/time.h
configure:4349: result: yes
configure:4349: checking for unistd.h
configure:4349: result: yes
configure:4361: checking for stdbool.h that conforms to C99
configure:4428: gcc -c -g -O2  conftest.c >&5
configure:4428: $? = 0
configure:4435: result: yes
configure:4437: checking for _Bool
configure:4437: gcc -c -g -O2  conftest.c >&5
configure:4437: $? = 0
configure:4437: gcc -c -g -O2  conftest.c >&5
conftest.c: In function 'main':
conftest.c:64:20: error: expected expression before ')' token
configure:4437: $? = 1
configure: failed program was:
| /* confdefs.h */
| #define PACKAGE_NAME "pi-blaster"
| #define PACKAGE_TARNAME "pi-blaster"
| #define PACKAGE_VERSION "0.1.1"
| #define PACKAGE_STRING "pi-blaster 0.1.1"
| #define PACKAGE_BUGREPORT ""
| #define PACKAGE_URL ""
| #define PACKAGE "pi-blaster"
| #define VERSION "0.1.1"
| #define STDC_HEADERS 1
| #define HAVE_SYS_TYPES_H 1
| #define HAVE_SYS_STAT_H 1
| #define HAVE_STDLIB_H 1
| #define HAVE_STRING_H 1
| #define HAVE_MEMORY_H 1
| #define HAVE_STRINGS_H 1
| #define HAVE_INTTYPES_H 1
| #define HAVE_STDINT_H 1
| #define HAVE_UNISTD_H 1
| #define HAVE_FCNTL_H 1
| #define HAVE_STDINT_H 1
| #define HAVE_STDLIB_H 1
| #define HAVE_STRING_H 1
| #define HAVE_SYS_IOCTL_H 1
| #define HAVE_SYS_TIME_H 1
| #define HAVE_UNISTD_H 1
| /* end confdefs.h.  */
| #include <stdio.h>
| #ifdef HAVE_SYS_TYPES_H
| # include <sys/types.h>
| #endif
| #ifdef HAVE_SYS_STAT_H
| # include <sys/stat.h>
| #endif
| #ifdef STDC_HEADERS
| # include <stdlib.h>
| # include <stddef.h>
| #else
| # ifdef HAVE_STDLIB_H
| #  include <stdlib.h>
| # endif
| #endif
| #ifdef HAVE_STRING_H
| # if !defined STDC_HEADERS && defined HAVE_MEMORY_H
| #  include <memory.h>
| # endif
| # include <string.h>
| #endif
| #ifdef HAVE_STRINGS_H
| # include <strings.h>
| #endif
| #ifdef HAVE_INTTYPES_H
| # include <inttypes.h>
| #endif
| #ifdef HAVE_STDINT_H
| # include <stdint.h>
| #endif
| #ifdef HAVE_UNISTD_H
| # include <unistd.h>
| #endif
| int
| main ()
| {
| if (sizeof ((_Bool)))
| 	    return 0;
|   ;
|   return 0;
| }
configure:4437: result: yes
configure:4448: checking for size_t
configure:4448: gcc -c -g -O2  conftest.c >&5
configure:4448: $? = 0
configure:4448: gcc -c -g -O2  conftest.c >&5
conftest.c: In function 'main':
conftest.c:65:21: error: expected expression before ')' token
configure:4448: $? = 1
configure: failed program was:
| /* confdefs.h */
| #define PACKAGE_NAME "pi-blaster"
| #define PACKAGE_TARNAME "pi-blaster"
| #define PACKAGE_VERSION "0.1.1"
| #define PACKAGE_STRING "pi-blaster 0.1.1"
| #define PACKAGE_BUGREPORT ""
| #define PACKAGE_URL ""
| #define PACKAGE "pi-blaster"
| #define VERSION "0.1.1"
| #define STDC_HEADERS 1
| #define HAVE_SYS_TYPES_H 1
| #define HAVE_SYS_STAT_H 1
| #define HAVE_STDLIB_H 1
| #define HAVE_STRING_H 1
| #define HAVE_MEMORY_H 1
| #define HAVE_STRINGS_H 1
| #define HAVE_INTTYPES_H 1
| #define HAVE_STDINT_H 1
| #define HAVE_UNISTD_H 1
| #define HAVE_FCNTL_H 1
| #define HAVE_STDINT_H 1
| #define HAVE_STDLIB_H 1
| #define HAVE_STRING_H 1
| #define HAVE_SYS_IOCTL_H 1
| #define HAVE_SYS_TIME_H 1
| #define HAVE_UNISTD_H 1
| #define HAVE__BOOL 1
| /* end confdefs.h.  */
| #include <stdio.h>
| #ifdef HAVE_SYS_TYPES_H
| # include <sys/types.h>
| #endif
| #ifdef HAVE_SYS_STAT_H
| # include <sys/stat.h>
| #endif
| #ifdef STDC_HEADERS
| # include <stdlib.h>
| # include <stddef.h>
| #else
| # ifdef HAVE_STDLIB_H
| #  include <stdlib.h>
| # endif
| #endif
| #ifdef HAVE_STRING_H
| # if !defined STDC_HEADERS && defined HAVE_MEMORY_H
| #  include <memory.h>
| # endif
| # include <string.h>
| #endif
| #ifdef HAVE_STRINGS_H
| # include <strings.h>
| #endif
| #ifdef HAVE_INTTYPES_H
| # include <inttypes.h>
| #endif
| #ifdef HAVE_STDINT_H
| # include <stdint.h>
| #endif
| #ifdef HAVE_UNISTD_H
| # include <unistd.h>
| #endif
| int
| main ()
| {
| if (sizeof ((size_t)))
| 	    return 0;
|   ;
|   return 0;
| }
configure:4448: result: yes
configure:4459: checking for uint32_t
configure:4459: gcc -c -g -O2  conftest.c >&5
configure:4459: $? = 0
configure:4459: result: yes
configure:4473: checking for uint8_t
configure:4473: gcc -c -g -O2  conftest.c >&5
configure:4473: $? = 0
configure:4473: result: yes
configure:4489: checking whether sys/types.h defines makedev
configure:4505: gcc -o conftest -g -O2   conftest.c  >&5
configure:4505: $? = 0
configure:4514: result: yes
configure:4545: checking for stdlib.h
configure:4545: result: yes
configure:4545: checking for unistd.h
configure:4545: result: yes
configure:4545: checking for sys/param.h
configure:4545: gcc -c -g -O2  conftest.c >&5
configure:4545: $? = 0
configure:4545: result: yes
configure:4565: checking for getpagesize
configure:4565: gcc -o conftest -g -O2   conftest.c  >&5
configure:4565: $? = 0
configure:4565: result: yes
configure:4574: checking for working mmap
configure:4721: gcc -o conftest -g -O2   conftest.c  >&5
configure:4721: $? = 0
configure:4721: ./conftest
configure:4721: $? = 0
configure:4731: result: yes
configure:4743: checking for memset
configure:4743: gcc -o conftest -g -O2   conftest.c  >&5
conftest.c:57:6: warning: conflicting types for built-in function 'memset' [enabled by default]
configure:4743: $? = 0
configure:4743: result: yes
configure:4743: checking for mkfifo
configure:4743: gcc -o conftest -g -O2   conftest.c  >&5
configure:4743: $? = 0
configure:4743: result: yes
configure:4743: checking for munmap
configure:4743: gcc -o conftest -g -O2   conftest.c  >&5
configure:4743: $? = 0
configure:4743: result: yes
configure:4893: creating ./config.status

## ---------------------- ##
## Running config.status. ##
## ---------------------- ##

This file was extended by pi-blaster config.status 0.1.1, which was
generated by GNU Autoconf 2.69.  Invocation command line was

  CONFIG_FILES    = 
  CONFIG_HEADERS  = 
  CONFIG_LINKS    = 
  CONFIG_COMMANDS = 
  $ ./config.status 

on raspberrypi

config.status:872: creating Makefile
config.status:872: creating config.h
config.status:1101: executing depfiles commands

## ---------------- ##
## Cache variables. ##
## ---------------- ##

ac_cv_c_compiler_gnu=yes
ac_cv_c_uint32_t=yes
ac_cv_c_uint8_t=yes
ac_cv_env_CC_set=
ac_cv_env_CC_value=
ac_cv_env_CFLAGS_set=
ac_cv_env_CFLAGS_value=
ac_cv_env_CPPFLAGS_set=
ac_cv_env_CPPFLAGS_value=
ac_cv_env_CPP_set=
ac_cv_env_CPP_value=
ac_cv_env_LDFLAGS_set=
ac_cv_env_LDFLAGS_value=
ac_cv_env_LIBS_set=
ac_cv_env_LIBS_value=
ac_cv_env_PKG_CONFIG_LIBDIR_set=
ac_cv_env_PKG_CONFIG_LIBDIR_value=
ac_cv_env_PKG_CONFIG_PATH_set=
ac_cv_env_PKG_CONFIG_PATH_value=
ac_cv_env_PKG_CONFIG_set=
ac_cv_env_PKG_CONFIG_value=
ac_cv_env_build_alias_set=
ac_cv_env_build_alias_value=
ac_cv_env_host_alias_set=
ac_cv_env_host_alias_value=
ac_cv_env_target_alias_set=
ac_cv_env_target_alias_value=
ac_cv_func_getpagesize=yes
ac_cv_func_memset=yes
ac_cv_func_mkfifo=yes
ac_cv_func_mmap_fixed_mapped=yes
ac_cv_func_munmap=yes
ac_cv_header_fcntl_h=yes
ac_cv_header_inttypes_h=yes
ac_cv_header_memory_h=yes
ac_cv_header_stdbool_h=yes
ac_cv_header_stdc=yes
ac_cv_header_stdint_h=yes
ac_cv_header_stdlib_h=yes
ac_cv_header_string_h=yes
ac_cv_header_strings_h=yes
ac_cv_header_sys_ioctl_h=yes
ac_cv_header_sys_param_h=yes
ac_cv_header_sys_stat_h=yes
ac_cv_header_sys_time_h=yes
ac_cv_header_sys_types_h=yes
ac_cv_header_sys_types_h_makedev=yes
ac_cv_header_unistd_h=yes
ac_cv_objext=o
ac_cv_path_EGREP='/bin/grep -E'
ac_cv_path_GREP=/bin/grep
ac_cv_path_ac_pt_PKG_CONFIG=/usr/bin/pkg-config
ac_cv_path_install='/usr/bin/install -c'
ac_cv_path_mkdir=/bin/mkdir
ac_cv_prog_AWK=mawk
ac_cv_prog_CPP='gcc -E'
ac_cv_prog_ac_ct_CC=gcc
ac_cv_prog_cc_c89=
ac_cv_prog_cc_g=yes
ac_cv_prog_make_make_set=yes
ac_cv_type__Bool=yes
ac_cv_type_size_t=yes
am_cv_CC_dependencies_compiler_type=gcc3

## ----------------- ##
## Output variables. ##
## ----------------- ##

ACLOCAL='${SHELL} /root/pi-blaster/missing --run aclocal-1.11'
AMDEPBACKSLASH='\'
AMDEP_FALSE='#'
AMDEP_TRUE=''
AMTAR='$${TAR-tar}'
AUTOCONF='${SHELL} /root/pi-blaster/missing --run autoconf'
AUTOHEADER='${SHELL} /root/pi-blaster/missing --run autoheader'
AUTOMAKE='${SHELL} /root/pi-blaster/missing --run automake-1.11'
AWK='mawk'
CC='gcc'
CCDEPMODE='depmode=gcc3'
CFLAGS='-g -O2'
CPP='gcc -E'
CPPFLAGS=''
CROSS_COMPILING_FALSE=''
CROSS_COMPILING_TRUE='#'
CYGPATH_W='echo'
DEFS='-DHAVE_CONFIG_H'
DEPDIR='.deps'
ECHO_C=''
ECHO_N='-n'
ECHO_T=''
EGREP='/bin/grep -E'
EXEEXT=''
GREP='/bin/grep'
HAVE_SYSTEMD_FALSE=''
HAVE_SYSTEMD_TRUE='#'
INSTALL_DATA='${INSTALL} -m 644'
INSTALL_PROGRAM='${INSTALL}'
INSTALL_SCRIPT='${INSTALL}'
INSTALL_STRIP_PROGRAM='$(install_sh) -c -s'
LDFLAGS=''
LIBOBJS=''
LIBS=''
LTLIBOBJS=''
MAKEINFO='${SHELL} /root/pi-blaster/missing --run makeinfo'
MKDIR_P='/bin/mkdir -p'
OBJEXT='o'
PACKAGE='pi-blaster'
PACKAGE_BUGREPORT=''
PACKAGE_NAME='pi-blaster'
PACKAGE_STRING='pi-blaster 0.1.1'
PACKAGE_TARNAME='pi-blaster'
PACKAGE_URL=''
PACKAGE_VERSION='0.1.1'
PATH_SEPARATOR=':'
PKG_CONFIG='/usr/bin/pkg-config'
PKG_CONFIG_LIBDIR=''
PKG_CONFIG_PATH=''
SET_MAKE=''
SHELL='/bin/bash'
STRIP=''
VERSION='0.1.1'
ac_ct_CC='gcc'
am__EXEEXT_FALSE=''
am__EXEEXT_TRUE='#'
am__fastdepCC_FALSE='#'
am__fastdepCC_TRUE=''
am__include='include'
am__isrc=''
am__leading_dot='.'
am__nodep='_no'
am__quote=''
am__tar='$${TAR-tar} chof - "$$tardir"'
am__untar='$${TAR-tar} xf -'
bindir='${exec_prefix}/bin'
build_alias=''
datadir='${datarootdir}'
datarootdir='${prefix}/share'
docdir='${datarootdir}/doc/${PACKAGE_TARNAME}'
dvidir='${docdir}'
exec_prefix='${prefix}'
host_alias=''
htmldir='${docdir}'
includedir='${prefix}/include'
infodir='${datarootdir}/info'
install_sh='${SHELL} /root/pi-blaster/install-sh'
libdir='${exec_prefix}/lib'
libexecdir='${exec_prefix}/libexec'
localedir='${datarootdir}/locale'
localstatedir='/var'
mandir='${datarootdir}/man'
mkdir_p='/bin/mkdir -p'
oldincludedir='/usr/include'
pdfdir='${docdir}'
prefix='/usr'
program_transform_name='s,x,x,'
psdir='${docdir}'
sbindir='${exec_prefix}/sbin'
sharedstatedir='/var'
sysconfdir='/etc'
systemdsystemunitdir=''
target_alias=''

## ----------- ##
## confdefs.h. ##
## ----------- ##

/* confdefs.h */
#define PACKAGE_NAME "pi-blaster"
#define PACKAGE_TARNAME "pi-blaster"
#define PACKAGE_VERSION "0.1.1"
#define PACKAGE_STRING "pi-blaster 0.1.1"
#define PACKAGE_BUGREPORT ""
#define PACKAGE_URL ""
#define PACKAGE "pi-blaster"
#define VERSION "0.1.1"
#define STDC_HEADERS 1
#define HAVE_SYS_TYPES_H 1
#define HAVE_SYS_STAT_H 1
#define HAVE_STDLIB_H 1
#define HAVE_STRING_H 1
#define HAVE_MEMORY_H 1
#define HAVE_STRINGS_H 1
#define HAVE_INTTYPES_H 1
#define HAVE_STDINT_H 1
#define HAVE_UNISTD_H 1
#define HAVE_FCNTL_H 1
#define HAVE_STDINT_H 1
#define HAVE_STDLIB_H 1
#define HAVE_STRING_H 1
#define HAVE_SYS_IOCTL_H 1
#define HAVE_SYS_TIME_H 1
#define HAVE_UNISTD_H 1
#define HAVE__BOOL 1
#define HAVE_STDLIB_H 1
#define HAVE_UNISTD_H 1
#define HAVE_SYS_PARAM_H 1
#define HAVE_GETPAGESIZE 1
#define HAVE_MMAP 1
#define HAVE_MEMSET 1
#define HAVE_MKFIFO 1
#define HAVE_MUNMAP 1

configure: exit 0
